[2017-04-24 13:57:019 ] [DEBUG] org.hibernate.validator.internal.util.logging.LoggerFactory.make (19): Logging Provider: org.jboss.logging.Log4j2LoggerProvider
[2017-04-24 13:57:019 ] [INFO ] org.hibernate.validator.internal.util.Version.<clinit> (30): HV000001: Hibernate Validator 5.2.4.Final
[2017-04-24 13:57:019 ] [DEBUG] org.hibernate.validator.internal.engine.resolver.DefaultTraversableResolver.detectJPA (70): Cannot find javax.persistence.Persistence on classpath. Assuming non JPA 2 environment. All properties will per default be traversable.
[2017-04-24 13:57:020 ] [DEBUG] org.hibernate.validator.internal.engine.resolver.DefaultTraversableResolver.detectJPA (70): Cannot find javax.persistence.Persistence on classpath. Assuming non JPA 2 environment. All properties will per default be traversable.
[2017-04-24 13:57:020 ] [DEBUG] org.hibernate.validator.internal.engine.ConfigurationImpl.messageInterpolator (156): Setting custom MessageInterpolator of type org.springframework.validation.beanvalidation.LocaleContextMessageInterpolator
[2017-04-24 13:57:020 ] [DEBUG] org.hibernate.validator.internal.engine.ConfigurationImpl.constraintValidatorFactory (178): Setting custom ConstraintValidatorFactory of type org.springframework.validation.beanvalidation.SpringConstraintValidatorFactory
[2017-04-24 13:57:020 ] [DEBUG] org.hibernate.validator.internal.engine.ConfigurationImpl.parameterNameProvider (192): Setting custom ParameterNameProvider of type com.sun.proxy.$Proxy43
[2017-04-24 13:57:020 ] [DEBUG] org.hibernate.validator.internal.xml.ValidationXmlParser.getValidationXmlInputStream (91): Trying to load META-INF/validation.xml for XML based Validator configuration.
[2017-04-24 13:57:020 ] [DEBUG] org.hibernate.validator.internal.xml.ResourceLoaderHelper.getResettableInputStreamForPath (47): Trying to load META-INF/validation.xml via user class loader
[2017-04-24 13:57:020 ] [DEBUG] org.hibernate.validator.internal.xml.ResourceLoaderHelper.getResettableInputStreamForPath (54): Trying to load META-INF/validation.xml via TCCL
[2017-04-24 13:57:020 ] [DEBUG] org.hibernate.validator.internal.xml.ResourceLoaderHelper.getResettableInputStreamForPath (60): Trying to load META-INF/validation.xml via Hibernate Validator's class loader
[2017-04-24 13:57:020 ] [DEBUG] org.hibernate.validator.internal.xml.ValidationXmlParser.getValidationXmlInputStream (98): No META-INF/validation.xml found. Using annotation based configuration only.
[2017-04-24 13:57:020 ] [DEBUG] org.hibernate.validator.internal.engine.resolver.DefaultTraversableResolver.detectJPA (70): Cannot find javax.persistence.Persistence on classpath. Assuming non JPA 2 environment. All properties will per default be traversable.
[2017-04-24 13:57:020 ] [INFO ] org.springframework.boot.SpringApplication.logStartupProfileInfo (661): No active profile set, falling back to default profiles: default
[2017-04-24 13:57:025 ] [TRACE] org.springframework.context.annotation.ClassPathScanningCandidateComponentProvider.findCandidateComponents (275): Scanning file [D:\workspace\zy_yr\applet\chat-interface\target\classes\com\icloud\dao\DAO.class]
[2017-04-24 13:57:025 ] [DEBUG] org.springframework.context.annotation.ClassPathScanningCandidateComponentProvider.findCandidateComponents (286): Identified candidate component class: file [D:\workspace\zy_yr\applet\chat-interface\target\classes\com\icloud\dao\DAO.class]
[2017-04-24 13:57:025 ] [TRACE] org.springframework.context.annotation.ClassPathScanningCandidateComponentProvider.findCandidateComponents (275): Scanning file [D:\workspace\zy_yr\applet\chat-interface\target\classes\com\icloud\dao\mapper\comment\CommentConfigMapper.class]
[2017-04-24 13:57:025 ] [DEBUG] org.springframework.context.annotation.ClassPathScanningCandidateComponentProvider.findCandidateComponents (286): Identified candidate component class: file [D:\workspace\zy_yr\applet\chat-interface\target\classes\com\icloud\dao\mapper\comment\CommentConfigMapper.class]
[2017-04-24 13:57:025 ] [TRACE] org.springframework.context.annotation.ClassPathScanningCandidateComponentProvider.findCandidateComponents (275): Scanning file [D:\workspace\zy_yr\applet\chat-interface\target\classes\com\icloud\dao\mapper\comment\CommentRecordMapper.class]
[2017-04-24 13:57:025 ] [DEBUG] org.springframework.context.annotation.ClassPathScanningCandidateComponentProvider.findCandidateComponents (286): Identified candidate component class: file [D:\workspace\zy_yr\applet\chat-interface\target\classes\com\icloud\dao\mapper\comment\CommentRecordMapper.class]
[2017-04-24 13:57:025 ] [TRACE] org.springframework.context.annotation.ClassPathScanningCandidateComponentProvider.findCandidateComponents (275): Scanning file [D:\workspace\zy_yr\applet\chat-interface\target\classes\com\icloud\dao\mapper\event\EventDetailsConfigMapper.class]
[2017-04-24 13:57:025 ] [DEBUG] org.springframework.context.annotation.ClassPathScanningCandidateComponentProvider.findCandidateComponents (286): Identified candidate component class: file [D:\workspace\zy_yr\applet\chat-interface\target\classes\com\icloud\dao\mapper\event\EventDetailsConfigMapper.class]
[2017-04-24 13:57:025 ] [TRACE] org.springframework.context.annotation.ClassPathScanningCandidateComponentProvider.findCandidateComponents (275): Scanning file [D:\workspace\zy_yr\applet\chat-interface\target\classes\com\icloud\dao\mapper\event\EventDetailsMapper.class]
[2017-04-24 13:57:025 ] [DEBUG] org.springframework.context.annotation.ClassPathScanningCandidateComponentProvider.findCandidateComponents (286): Identified candidate component class: file [D:\workspace\zy_yr\applet\chat-interface\target\classes\com\icloud\dao\mapper\event\EventDetailsMapper.class]
[2017-04-24 13:57:025 ] [TRACE] org.springframework.context.annotation.ClassPathScanningCandidateComponentProvider.findCandidateComponents (275): Scanning file [D:\workspace\zy_yr\applet\chat-interface\target\classes\com\icloud\dao\mapper\event\EventFollowMapper.class]
[2017-04-24 13:57:025 ] [DEBUG] org.springframework.context.annotation.ClassPathScanningCandidateComponentProvider.findCandidateComponents (286): Identified candidate component class: file [D:\workspace\zy_yr\applet\chat-interface\target\classes\com\icloud\dao\mapper\event\EventFollowMapper.class]
[2017-04-24 13:57:025 ] [TRACE] org.springframework.context.annotation.ClassPathScanningCandidateComponentProvider.findCandidateComponents (275): Scanning file [D:\workspace\zy_yr\applet\chat-interface\target\classes\com\icloud\dao\mapper\event\EventInfoMapper.class]
[2017-04-24 13:57:025 ] [DEBUG] org.springframework.context.annotation.ClassPathScanningCandidateComponentProvider.findCandidateComponents (286): Identified candidate component class: file [D:\workspace\zy_yr\applet\chat-interface\target\classes\com\icloud\dao\mapper\event\EventInfoMapper.class]
[2017-04-24 13:57:025 ] [TRACE] org.springframework.context.annotation.ClassPathScanningCandidateComponentProvider.findCandidateComponents (275): Scanning file [D:\workspace\zy_yr\applet\chat-interface\target\classes\com\icloud\dao\mapper\event\EventModuleMapper.class]
[2017-04-24 13:57:025 ] [DEBUG] org.springframework.context.annotation.ClassPathScanningCandidateComponentProvider.findCandidateComponents (286): Identified candidate component class: file [D:\workspace\zy_yr\applet\chat-interface\target\classes\com\icloud\dao\mapper\event\EventModuleMapper.class]
[2017-04-24 13:57:025 ] [TRACE] org.springframework.context.annotation.ClassPathScanningCandidateComponentProvider.findCandidateComponents (275): Scanning file [D:\workspace\zy_yr\applet\chat-interface\target\classes\com\icloud\dao\mapper\event\EventStarRecordMapper.class]
[2017-04-24 13:57:025 ] [DEBUG] org.springframework.context.annotation.ClassPathScanningCandidateComponentProvider.findCandidateComponents (286): Identified candidate component class: file [D:\workspace\zy_yr\applet\chat-interface\target\classes\com\icloud\dao\mapper\event\EventStarRecordMapper.class]
[2017-04-24 13:57:025 ] [TRACE] org.springframework.context.annotation.ClassPathScanningCandidateComponentProvider.findCandidateComponents (275): Scanning file [D:\workspace\zy_yr\applet\chat-interface\target\classes\com\icloud\dao\mapper\event\EventTypeMapper.class]
[2017-04-24 13:57:025 ] [DEBUG] org.springframework.context.annotation.ClassPathScanningCandidateComponentProvider.findCandidateComponents (286): Identified candidate component class: file [D:\workspace\zy_yr\applet\chat-interface\target\classes\com\icloud\dao\mapper\event\EventTypeMapper.class]
[2017-04-24 13:57:025 ] [TRACE] org.springframework.context.annotation.ClassPathScanningCandidateComponentProvider.findCandidateComponents (275): Scanning file [D:\workspace\zy_yr\applet\chat-interface\target\classes\com\icloud\dao\mapper\signup\SignUpConfigMapper.class]
[2017-04-24 13:57:025 ] [DEBUG] org.springframework.context.annotation.ClassPathScanningCandidateComponentProvider.findCandidateComponents (286): Identified candidate component class: file [D:\workspace\zy_yr\applet\chat-interface\target\classes\com\icloud\dao\mapper\signup\SignUpConfigMapper.class]
[2017-04-24 13:57:025 ] [TRACE] org.springframework.context.annotation.ClassPathScanningCandidateComponentProvider.findCandidateComponents (275): Scanning file [D:\workspace\zy_yr\applet\chat-interface\target\classes\com\icloud\dao\mapper\signup\SignUpRecordMapper.class]
[2017-04-24 13:57:025 ] [DEBUG] org.springframework.context.annotation.ClassPathScanningCandidateComponentProvider.findCandidateComponents (286): Identified candidate component class: file [D:\workspace\zy_yr\applet\chat-interface\target\classes\com\icloud\dao\mapper\signup\SignUpRecordMapper.class]
[2017-04-24 13:57:025 ] [TRACE] org.springframework.context.annotation.ClassPathScanningCandidateComponentProvider.findCandidateComponents (275): Scanning file [D:\workspace\zy_yr\applet\chat-interface\target\classes\com\icloud\dao\mapper\user\UserMapper.class]
[2017-04-24 13:57:025 ] [DEBUG] org.springframework.context.annotation.ClassPathScanningCandidateComponentProvider.findCandidateComponents (286): Identified candidate component class: file [D:\workspace\zy_yr\applet\chat-interface\target\classes\com\icloud\dao\mapper\user\UserMapper.class]
[2017-04-24 13:57:025 ] [DEBUG] org.mybatis.spring.mapper.ClassPathMapperScanner.doScan (164): Creating MapperFactoryBean with name 'DAO' and 'com.icloud.dao.DAO' mapperInterface
[2017-04-24 13:57:025 ] [DEBUG] org.mybatis.spring.mapper.ClassPathMapperScanner.doScan (200): Enabling autowire by type for MapperFactoryBean with name 'DAO'.
[2017-04-24 13:57:025 ] [DEBUG] org.mybatis.spring.mapper.ClassPathMapperScanner.doScan (164): Creating MapperFactoryBean with name 'commentConfigMapper' and 'com.icloud.dao.mapper.comment.CommentConfigMapper' mapperInterface
[2017-04-24 13:57:025 ] [DEBUG] org.mybatis.spring.mapper.ClassPathMapperScanner.doScan (200): Enabling autowire by type for MapperFactoryBean with name 'commentConfigMapper'.
[2017-04-24 13:57:025 ] [DEBUG] org.mybatis.spring.mapper.ClassPathMapperScanner.doScan (164): Creating MapperFactoryBean with name 'commentRecordMapper' and 'com.icloud.dao.mapper.comment.CommentRecordMapper' mapperInterface
[2017-04-24 13:57:025 ] [DEBUG] org.mybatis.spring.mapper.ClassPathMapperScanner.doScan (200): Enabling autowire by type for MapperFactoryBean with name 'commentRecordMapper'.
[2017-04-24 13:57:025 ] [DEBUG] org.mybatis.spring.mapper.ClassPathMapperScanner.doScan (164): Creating MapperFactoryBean with name 'eventDetailsConfigMapper' and 'com.icloud.dao.mapper.event.EventDetailsConfigMapper' mapperInterface
[2017-04-24 13:57:025 ] [DEBUG] org.mybatis.spring.mapper.ClassPathMapperScanner.doScan (200): Enabling autowire by type for MapperFactoryBean with name 'eventDetailsConfigMapper'.
[2017-04-24 13:57:025 ] [DEBUG] org.mybatis.spring.mapper.ClassPathMapperScanner.doScan (164): Creating MapperFactoryBean with name 'eventDetailsMapper' and 'com.icloud.dao.mapper.event.EventDetailsMapper' mapperInterface
[2017-04-24 13:57:025 ] [DEBUG] org.mybatis.spring.mapper.ClassPathMapperScanner.doScan (200): Enabling autowire by type for MapperFactoryBean with name 'eventDetailsMapper'.
[2017-04-24 13:57:025 ] [DEBUG] org.mybatis.spring.mapper.ClassPathMapperScanner.doScan (164): Creating MapperFactoryBean with name 'eventFollowMapper' and 'com.icloud.dao.mapper.event.EventFollowMapper' mapperInterface
[2017-04-24 13:57:025 ] [DEBUG] org.mybatis.spring.mapper.ClassPathMapperScanner.doScan (200): Enabling autowire by type for MapperFactoryBean with name 'eventFollowMapper'.
[2017-04-24 13:57:025 ] [DEBUG] org.mybatis.spring.mapper.ClassPathMapperScanner.doScan (164): Creating MapperFactoryBean with name 'eventInfoMapper' and 'com.icloud.dao.mapper.event.EventInfoMapper' mapperInterface
[2017-04-24 13:57:025 ] [DEBUG] org.mybatis.spring.mapper.ClassPathMapperScanner.doScan (200): Enabling autowire by type for MapperFactoryBean with name 'eventInfoMapper'.
[2017-04-24 13:57:025 ] [DEBUG] org.mybatis.spring.mapper.ClassPathMapperScanner.doScan (164): Creating MapperFactoryBean with name 'eventModuleMapper' and 'com.icloud.dao.mapper.event.EventModuleMapper' mapperInterface
[2017-04-24 13:57:025 ] [DEBUG] org.mybatis.spring.mapper.ClassPathMapperScanner.doScan (200): Enabling autowire by type for MapperFactoryBean with name 'eventModuleMapper'.
[2017-04-24 13:57:025 ] [DEBUG] org.mybatis.spring.mapper.ClassPathMapperScanner.doScan (164): Creating MapperFactoryBean with name 'eventStarRecordMapper' and 'com.icloud.dao.mapper.event.EventStarRecordMapper' mapperInterface
[2017-04-24 13:57:025 ] [DEBUG] org.mybatis.spring.mapper.ClassPathMapperScanner.doScan (200): Enabling autowire by type for MapperFactoryBean with name 'eventStarRecordMapper'.
[2017-04-24 13:57:025 ] [DEBUG] org.mybatis.spring.mapper.ClassPathMapperScanner.doScan (164): Creating MapperFactoryBean with name 'eventTypeMapper' and 'com.icloud.dao.mapper.event.EventTypeMapper' mapperInterface
[2017-04-24 13:57:025 ] [DEBUG] org.mybatis.spring.mapper.ClassPathMapperScanner.doScan (200): Enabling autowire by type for MapperFactoryBean with name 'eventTypeMapper'.
[2017-04-24 13:57:025 ] [DEBUG] org.mybatis.spring.mapper.ClassPathMapperScanner.doScan (164): Creating MapperFactoryBean with name 'signUpConfigMapper' and 'com.icloud.dao.mapper.signup.SignUpConfigMapper' mapperInterface
[2017-04-24 13:57:025 ] [DEBUG] org.mybatis.spring.mapper.ClassPathMapperScanner.doScan (200): Enabling autowire by type for MapperFactoryBean with name 'signUpConfigMapper'.
[2017-04-24 13:57:025 ] [DEBUG] org.mybatis.spring.mapper.ClassPathMapperScanner.doScan (164): Creating MapperFactoryBean with name 'signUpRecordMapper' and 'com.icloud.dao.mapper.signup.SignUpRecordMapper' mapperInterface
[2017-04-24 13:57:025 ] [DEBUG] org.mybatis.spring.mapper.ClassPathMapperScanner.doScan (200): Enabling autowire by type for MapperFactoryBean with name 'signUpRecordMapper'.
[2017-04-24 13:57:025 ] [DEBUG] org.mybatis.spring.mapper.ClassPathMapperScanner.doScan (164): Creating MapperFactoryBean with name 'userMapper' and 'com.icloud.dao.mapper.user.UserMapper' mapperInterface
[2017-04-24 13:57:025 ] [DEBUG] org.mybatis.spring.mapper.ClassPathMapperScanner.doScan (200): Enabling autowire by type for MapperFactoryBean with name 'userMapper'.
[2017-04-24 13:57:025 ] [WARN ] org.springframework.context.annotation.ConfigurationClassPostProcessor.enhanceConfigurationClasses (389): Cannot enhance @Configuration bean definition 'refreshScope' since its singleton instance has been created too early. The typical cause is a non-static @Bean method with a BeanDefinitionRegistryPostProcessor return type: Consider declaring such methods as 'static'.
[2017-04-24 13:57:026 ] [DEBUG] org.apache.ibatis.logging.LogFactory.setImplementation (128): Logging initialized using 'class org.apache.ibatis.logging.slf4j.Slf4jImpl' adapter.
[2017-04-24 13:57:026 ] [DEBUG] org.mybatis.spring.SqlSessionFactoryBean.buildSqlSessionFactory (362): Property 'configLocation' not specified, using default MyBatis Configuration
[2017-04-24 13:57:026 ] [DEBUG] org.mybatis.spring.SqlSessionFactoryBean.buildSqlSessionFactory (401): Registered plugin: 'com.github.pagehelper.PageHelper@35d60381'
[2017-04-24 13:57:026 ] [DEBUG] org.mybatis.spring.SqlSessionFactoryBean.buildSqlSessionFactory (472): Parsed mapper file: 'file [D:\workspace\zy_yr\applet\chat-interface\target\classes\com\icloud\dao\mapping\comment\CommentConfigMapper.xml]'
[2017-04-24 13:57:026 ] [DEBUG] org.mybatis.spring.SqlSessionFactoryBean.buildSqlSessionFactory (472): Parsed mapper file: 'file [D:\workspace\zy_yr\applet\chat-interface\target\classes\com\icloud\dao\mapping\comment\CommentRecordMapper.xml]'
[2017-04-24 13:57:026 ] [DEBUG] org.mybatis.spring.SqlSessionFactoryBean.buildSqlSessionFactory (472): Parsed mapper file: 'file [D:\workspace\zy_yr\applet\chat-interface\target\classes\com\icloud\dao\mapping\event\EventDetailsConfigMapper.xml]'
[2017-04-24 13:57:026 ] [DEBUG] org.mybatis.spring.SqlSessionFactoryBean.buildSqlSessionFactory (472): Parsed mapper file: 'file [D:\workspace\zy_yr\applet\chat-interface\target\classes\com\icloud\dao\mapping\event\EventDetailsMapper.xml]'
[2017-04-24 13:57:026 ] [DEBUG] org.mybatis.spring.SqlSessionFactoryBean.buildSqlSessionFactory (472): Parsed mapper file: 'file [D:\workspace\zy_yr\applet\chat-interface\target\classes\com\icloud\dao\mapping\event\EventFollowMapper.xml]'
[2017-04-24 13:57:026 ] [DEBUG] org.mybatis.spring.SqlSessionFactoryBean.buildSqlSessionFactory (472): Parsed mapper file: 'file [D:\workspace\zy_yr\applet\chat-interface\target\classes\com\icloud\dao\mapping\event\EventInfoMapper.xml]'
[2017-04-24 13:57:026 ] [DEBUG] org.mybatis.spring.SqlSessionFactoryBean.buildSqlSessionFactory (472): Parsed mapper file: 'file [D:\workspace\zy_yr\applet\chat-interface\target\classes\com\icloud\dao\mapping\event\EventModuleMapper.xml]'
[2017-04-24 13:57:026 ] [DEBUG] org.mybatis.spring.SqlSessionFactoryBean.buildSqlSessionFactory (472): Parsed mapper file: 'file [D:\workspace\zy_yr\applet\chat-interface\target\classes\com\icloud\dao\mapping\event\EventStarRecordMapper.xml]'
[2017-04-24 13:57:026 ] [DEBUG] org.mybatis.spring.SqlSessionFactoryBean.buildSqlSessionFactory (472): Parsed mapper file: 'file [D:\workspace\zy_yr\applet\chat-interface\target\classes\com\icloud\dao\mapping\event\EventTypeMapper.xml]'
[2017-04-24 13:57:026 ] [DEBUG] org.mybatis.spring.SqlSessionFactoryBean.buildSqlSessionFactory (472): Parsed mapper file: 'file [D:\workspace\zy_yr\applet\chat-interface\target\classes\com\icloud\dao\mapping\signup\SignUpConfigMapper.xml]'
[2017-04-24 13:57:027 ] [DEBUG] org.mybatis.spring.SqlSessionFactoryBean.buildSqlSessionFactory (472): Parsed mapper file: 'file [D:\workspace\zy_yr\applet\chat-interface\target\classes\com\icloud\dao\mapping\signup\SignUpRecordMapper.xml]'
[2017-04-24 13:57:027 ] [DEBUG] org.mybatis.spring.SqlSessionFactoryBean.buildSqlSessionFactory (472): Parsed mapper file: 'file [D:\workspace\zy_yr\applet\chat-interface\target\classes\com\icloud\dao\mapping\user\UserMapper.xml]'
[2017-04-24 13:57:027 ] [DEBUG] org.hibernate.validator.internal.engine.resolver.DefaultTraversableResolver.detectJPA (70): Cannot find javax.persistence.Persistence on classpath. Assuming non JPA 2 environment. All properties will per default be traversable.
[2017-04-24 13:57:027 ] [DEBUG] org.hibernate.validator.internal.engine.ConfigurationImpl.messageInterpolator (156): Setting custom MessageInterpolator of type org.springframework.validation.beanvalidation.LocaleContextMessageInterpolator
[2017-04-24 13:57:027 ] [DEBUG] org.hibernate.validator.internal.engine.ConfigurationImpl.constraintValidatorFactory (178): Setting custom ConstraintValidatorFactory of type org.springframework.validation.beanvalidation.SpringConstraintValidatorFactory
[2017-04-24 13:57:027 ] [DEBUG] org.hibernate.validator.internal.engine.ConfigurationImpl.parameterNameProvider (192): Setting custom ParameterNameProvider of type com.sun.proxy.$Proxy43
[2017-04-24 13:57:027 ] [DEBUG] org.hibernate.validator.internal.xml.ValidationXmlParser.getValidationXmlInputStream (91): Trying to load META-INF/validation.xml for XML based Validator configuration.
[2017-04-24 13:57:027 ] [DEBUG] org.hibernate.validator.internal.xml.ResourceLoaderHelper.getResettableInputStreamForPath (47): Trying to load META-INF/validation.xml via user class loader
[2017-04-24 13:57:027 ] [DEBUG] org.hibernate.validator.internal.xml.ResourceLoaderHelper.getResettableInputStreamForPath (54): Trying to load META-INF/validation.xml via TCCL
[2017-04-24 13:57:027 ] [DEBUG] org.hibernate.validator.internal.xml.ResourceLoaderHelper.getResettableInputStreamForPath (60): Trying to load META-INF/validation.xml via Hibernate Validator's class loader
[2017-04-24 13:57:027 ] [DEBUG] org.hibernate.validator.internal.xml.ValidationXmlParser.getValidationXmlInputStream (98): No META-INF/validation.xml found. Using annotation based configuration only.
[2017-04-24 13:57:027 ] [TRACE] org.hibernate.validator.internal.engine.constraintvalidation.ConstraintTree.validateConstraints (108): Validating value / against constraint defined by ConstraintDescriptorImpl{annotation=javax.validation.constraints.NotNull, payloads=[], hasComposingConstraints=true, isReportAsSingleInvalidConstraint=false, elementType=FIELD, definedOn=DEFINED_LOCALLY, groups=[interface javax.validation.groups.Default], attributes={message={javax.validation.constraints.NotNull.message}, groups=[Ljava.lang.Class;@59096b66, payload=[Ljava.lang.Class;@631c6d11}, constraintType=GENERIC}.
[2017-04-24 13:57:028 ] [INFO ] org.apache.juli.logging.DirectJDKLog.log (179): Starting service Tomcat
[2017-04-24 13:57:028 ] [INFO ] org.apache.juli.logging.DirectJDKLog.log (179): Starting Servlet Engine: Apache Tomcat/8.5.5
[2017-04-24 13:57:028 ] [INFO ] org.apache.juli.logging.DirectJDKLog.log (179): Initializing Spring embedded WebApplicationContext
[2017-04-24 13:57:029 ] [INFO ] org.quartz.impl.StdSchedulerFactory.instantiate (1172): Using default implementation for ThreadExecutor
[2017-04-24 13:57:029 ] [INFO ] org.quartz.core.SchedulerSignalerImpl.<init> (61): Initialized Scheduler Signaller of type: class org.quartz.core.SchedulerSignalerImpl
[2017-04-24 13:57:029 ] [INFO ] org.quartz.core.QuartzScheduler.<init> (240): Quartz Scheduler v.2.2.2 created.
[2017-04-24 13:57:029 ] [INFO ] org.quartz.simpl.RAMJobStore.initialize (155): RAMJobStore initialized.
[2017-04-24 13:57:029 ] [INFO ] org.quartz.core.QuartzScheduler.initialize (305): Scheduler meta-data: Quartz Scheduler (v2.2.2) 'getSchedulerFactoryBean' with instanceId 'NON_CLUSTERED'
  Scheduler class: 'org.quartz.core.QuartzScheduler' - running locally.
  NOT STARTED.
  Currently in standby mode.
  Number of jobs executed: 0
  Using thread pool 'org.quartz.simpl.SimpleThreadPool' - with 10 threads.
  Using job-store 'org.quartz.simpl.RAMJobStore' - which does not support persistence. and is not clustered.

[2017-04-24 13:57:029 ] [INFO ] org.quartz.impl.StdSchedulerFactory.instantiate (1327): Quartz scheduler 'getSchedulerFactoryBean' initialized from an externally provided properties instance.
[2017-04-24 13:57:029 ] [INFO ] org.quartz.impl.StdSchedulerFactory.instantiate (1331): Quartz scheduler version: 2.2.2
[2017-04-24 13:57:029 ] [INFO ] org.quartz.core.QuartzScheduler.setJobFactory (2311): JobFactory set to: com.icloud.config.quartz.AutowiringSpringBeanJobFactory@4652c74d
[2017-04-24 13:57:030 ] [DEBUG] org.hibernate.validator.internal.engine.resolver.DefaultTraversableResolver.detectJPA (70): Cannot find javax.persistence.Persistence on classpath. Assuming non JPA 2 environment. All properties will per default be traversable.
[2017-04-24 13:57:030 ] [DEBUG] org.hibernate.validator.internal.engine.ConfigurationImpl.messageInterpolator (156): Setting custom MessageInterpolator of type org.springframework.validation.beanvalidation.LocaleContextMessageInterpolator
[2017-04-24 13:57:030 ] [DEBUG] org.hibernate.validator.internal.engine.ConfigurationImpl.constraintValidatorFactory (178): Setting custom ConstraintValidatorFactory of type org.springframework.validation.beanvalidation.SpringConstraintValidatorFactory
[2017-04-24 13:57:030 ] [DEBUG] org.hibernate.validator.internal.engine.ConfigurationImpl.parameterNameProvider (192): Setting custom ParameterNameProvider of type com.sun.proxy.$Proxy43
[2017-04-24 13:57:030 ] [DEBUG] org.hibernate.validator.internal.xml.ValidationXmlParser.getValidationXmlInputStream (91): Trying to load META-INF/validation.xml for XML based Validator configuration.
[2017-04-24 13:57:030 ] [DEBUG] org.hibernate.validator.internal.xml.ResourceLoaderHelper.getResettableInputStreamForPath (47): Trying to load META-INF/validation.xml via user class loader
[2017-04-24 13:57:030 ] [DEBUG] org.hibernate.validator.internal.xml.ResourceLoaderHelper.getResettableInputStreamForPath (54): Trying to load META-INF/validation.xml via TCCL
[2017-04-24 13:57:030 ] [DEBUG] org.hibernate.validator.internal.xml.ResourceLoaderHelper.getResettableInputStreamForPath (60): Trying to load META-INF/validation.xml via Hibernate Validator's class loader
[2017-04-24 13:57:030 ] [DEBUG] org.hibernate.validator.internal.xml.ValidationXmlParser.getValidationXmlInputStream (98): No META-INF/validation.xml found. Using annotation based configuration only.
[2017-04-24 13:57:032 ] [WARN ] org.springframework.boot.starter.redis.RedisStarterDeprecationWarningAutoConfiguration.logWarning (43): spring-boot-starter-redis is deprecated as of Spring Boot 1.4, please migrate to spring-boot-starter-data-redis
[2017-04-24 13:57:032 ] [INFO ] com.netflix.config.sources.URLConfigurationSource.<init> (126): URLs to be used as dynamic configuration source: [file:/D:/workspace/zy_yr/applet/chat-interface/target/classes/config.properties]
[2017-04-24 13:57:032 ] [DEBUG] com.netflix.config.DynamicPropertyUpdater.addOrChangeProperty (122): adding property key [service_domain], value [http://MERCHANT-SERVICE]
[2017-04-24 13:57:032 ] [INFO ] com.netflix.config.sources.URLConfigurationSource.<init> (126): URLs to be used as dynamic configuration source: [file:/D:/workspace/zy_yr/applet/chat-interface/target/classes/config.properties]
[2017-04-24 13:57:032 ] [DEBUG] com.netflix.config.DynamicPropertyUpdater.addOrChangeProperty (122): adding property key [service_domain], value [http://MERCHANT-SERVICE]
[2017-04-24 13:57:033 ] [TRACE] org.hibernate.validator.internal.engine.constraintvalidation.ConstraintTree.validateConstraints (108): Validating value / against constraint defined by ConstraintDescriptorImpl{annotation=javax.validation.constraints.NotNull, payloads=[], hasComposingConstraints=true, isReportAsSingleInvalidConstraint=false, elementType=FIELD, definedOn=DEFINED_LOCALLY, groups=[interface javax.validation.groups.Default], attributes={message={javax.validation.constraints.NotNull.message}, groups=[Ljava.lang.Class;@59096b66, payload=[Ljava.lang.Class;@631c6d11}, constraintType=GENERIC}.
[2017-04-24 13:57:033 ] [TRACE] org.hibernate.validator.internal.engine.constraintvalidation.ConstraintValidatorManager.getInitializedValidator (113): Constraint validator org.hibernate.validator.internal.constraintvalidators.bv.NotNullValidator@7ea3839e found in cache.
[2017-04-24 13:57:033 ] [TRACE] org.hibernate.validator.internal.engine.constraintvalidation.ConstraintTree.validateConstraints (108): Validating value / against constraint defined by ConstraintDescriptorImpl{annotation=javax.validation.constraints.NotNull, payloads=[], hasComposingConstraints=true, isReportAsSingleInvalidConstraint=false, elementType=FIELD, definedOn=DEFINED_LOCALLY, groups=[interface javax.validation.groups.Default], attributes={message={javax.validation.constraints.NotNull.message}, groups=[Ljava.lang.Class;@59096b66, payload=[Ljava.lang.Class;@631c6d11}, constraintType=GENERIC}.
[2017-04-24 13:57:033 ] [TRACE] org.hibernate.validator.internal.engine.constraintvalidation.ConstraintValidatorManager.getInitializedValidator (113): Constraint validator org.hibernate.validator.internal.constraintvalidators.bv.NotNullValidator@7ea3839e found in cache.
[2017-04-24 13:57:033 ] [DEBUG] org.hibernate.validator.internal.engine.resolver.DefaultTraversableResolver.detectJPA (70): Cannot find javax.persistence.Persistence on classpath. Assuming non JPA 2 environment. All properties will per default be traversable.
[2017-04-24 13:57:033 ] [DEBUG] org.hibernate.validator.internal.engine.ConfigurationImpl.messageInterpolator (156): Setting custom MessageInterpolator of type org.springframework.validation.beanvalidation.LocaleContextMessageInterpolator
[2017-04-24 13:57:033 ] [DEBUG] org.hibernate.validator.internal.engine.ConfigurationImpl.constraintValidatorFactory (178): Setting custom ConstraintValidatorFactory of type org.springframework.validation.beanvalidation.SpringConstraintValidatorFactory
[2017-04-24 13:57:033 ] [DEBUG] org.hibernate.validator.internal.engine.ConfigurationImpl.parameterNameProvider (192): Setting custom ParameterNameProvider of type com.sun.proxy.$Proxy43
[2017-04-24 13:57:033 ] [DEBUG] org.hibernate.validator.internal.xml.ValidationXmlParser.getValidationXmlInputStream (91): Trying to load META-INF/validation.xml for XML based Validator configuration.
[2017-04-24 13:57:033 ] [DEBUG] org.hibernate.validator.internal.xml.ResourceLoaderHelper.getResettableInputStreamForPath (47): Trying to load META-INF/validation.xml via user class loader
[2017-04-24 13:57:033 ] [DEBUG] org.hibernate.validator.internal.xml.ResourceLoaderHelper.getResettableInputStreamForPath (54): Trying to load META-INF/validation.xml via TCCL
[2017-04-24 13:57:033 ] [DEBUG] org.hibernate.validator.internal.xml.ResourceLoaderHelper.getResettableInputStreamForPath (60): Trying to load META-INF/validation.xml via Hibernate Validator's class loader
[2017-04-24 13:57:033 ] [DEBUG] org.hibernate.validator.internal.xml.ValidationXmlParser.getValidationXmlInputStream (98): No META-INF/validation.xml found. Using annotation based configuration only.
[2017-04-24 13:57:033 ] [INFO ] org.quartz.core.QuartzScheduler.start (575): Scheduler getSchedulerFactoryBean_$_NON_CLUSTERED started.
[2017-04-24 13:57:033 ] [DEBUG] org.quartz.core.QuartzSchedulerThread.run (276): batch acquisition of 0 triggers
[2017-04-24 13:57:033 ] [INFO ] org.apache.juli.logging.DirectJDKLog.log (179): Initializing ProtocolHandler ["http-nio-8080"]
[2017-04-24 13:57:033 ] [INFO ] org.apache.juli.logging.DirectJDKLog.log (179): Starting ProtocolHandler [http-nio-8080]
[2017-04-24 13:57:033 ] [INFO ] org.apache.juli.logging.DirectJDKLog.log (179): Using a shared selector for servlet write/read
[2017-04-24 13:57:033 ] [INFO ] org.springframework.boot.StartupInfoLogger.logStarted (57): Started ChatInterfaceApplication in 15.322 seconds (JVM running for 18.295)
[2017-04-24 13:57:058 ] [DEBUG] org.hibernate.validator.internal.util.logging.LoggerFactory.make (19): Logging Provider: org.jboss.logging.Log4j2LoggerProvider
[2017-04-24 13:57:058 ] [INFO ] org.hibernate.validator.internal.util.Version.<clinit> (30): HV000001: Hibernate Validator 5.2.4.Final
[2017-04-24 13:57:058 ] [DEBUG] org.hibernate.validator.internal.engine.resolver.DefaultTraversableResolver.detectJPA (70): Cannot find javax.persistence.Persistence on classpath. Assuming non JPA 2 environment. All properties will per default be traversable.
[2017-04-24 13:57:058 ] [DEBUG] org.hibernate.validator.internal.engine.resolver.DefaultTraversableResolver.detectJPA (70): Cannot find javax.persistence.Persistence on classpath. Assuming non JPA 2 environment. All properties will per default be traversable.
[2017-04-24 13:57:058 ] [DEBUG] org.hibernate.validator.internal.engine.ConfigurationImpl.messageInterpolator (156): Setting custom MessageInterpolator of type org.springframework.validation.beanvalidation.LocaleContextMessageInterpolator
[2017-04-24 13:57:058 ] [DEBUG] org.hibernate.validator.internal.engine.ConfigurationImpl.constraintValidatorFactory (178): Setting custom ConstraintValidatorFactory of type org.springframework.validation.beanvalidation.SpringConstraintValidatorFactory
[2017-04-24 13:57:058 ] [DEBUG] org.hibernate.validator.internal.engine.ConfigurationImpl.parameterNameProvider (192): Setting custom ParameterNameProvider of type com.sun.proxy.$Proxy43
[2017-04-24 13:57:058 ] [DEBUG] org.hibernate.validator.internal.xml.ValidationXmlParser.getValidationXmlInputStream (91): Trying to load META-INF/validation.xml for XML based Validator configuration.
[2017-04-24 13:57:058 ] [DEBUG] org.hibernate.validator.internal.xml.ResourceLoaderHelper.getResettableInputStreamForPath (47): Trying to load META-INF/validation.xml via user class loader
[2017-04-24 13:57:058 ] [DEBUG] org.hibernate.validator.internal.xml.ResourceLoaderHelper.getResettableInputStreamForPath (54): Trying to load META-INF/validation.xml via TCCL
[2017-04-24 13:57:058 ] [DEBUG] org.hibernate.validator.internal.xml.ResourceLoaderHelper.getResettableInputStreamForPath (60): Trying to load META-INF/validation.xml via Hibernate Validator's class loader
[2017-04-24 13:57:058 ] [DEBUG] org.hibernate.validator.internal.xml.ValidationXmlParser.getValidationXmlInputStream (98): No META-INF/validation.xml found. Using annotation based configuration only.
[2017-04-24 13:57:059 ] [DEBUG] org.hibernate.validator.internal.engine.resolver.DefaultTraversableResolver.detectJPA (70): Cannot find javax.persistence.Persistence on classpath. Assuming non JPA 2 environment. All properties will per default be traversable.
[2017-04-24 13:57:059 ] [INFO ] org.springframework.boot.SpringApplication.logStartupProfileInfo (661): No active profile set, falling back to default profiles: default
[2017-04-24 13:58:001 ] [TRACE] org.springframework.context.annotation.ClassPathScanningCandidateComponentProvider.findCandidateComponents (275): Scanning file [D:\workspace\zy_yr\applet\chat-interface\target\classes\com\icloud\dao\DAO.class]
[2017-04-24 13:58:001 ] [DEBUG] org.springframework.context.annotation.ClassPathScanningCandidateComponentProvider.findCandidateComponents (286): Identified candidate component class: file [D:\workspace\zy_yr\applet\chat-interface\target\classes\com\icloud\dao\DAO.class]
[2017-04-24 13:58:001 ] [TRACE] org.springframework.context.annotation.ClassPathScanningCandidateComponentProvider.findCandidateComponents (275): Scanning file [D:\workspace\zy_yr\applet\chat-interface\target\classes\com\icloud\dao\mapper\comment\CommentConfigMapper.class]
[2017-04-24 13:58:001 ] [DEBUG] org.springframework.context.annotation.ClassPathScanningCandidateComponentProvider.findCandidateComponents (286): Identified candidate component class: file [D:\workspace\zy_yr\applet\chat-interface\target\classes\com\icloud\dao\mapper\comment\CommentConfigMapper.class]
[2017-04-24 13:58:001 ] [TRACE] org.springframework.context.annotation.ClassPathScanningCandidateComponentProvider.findCandidateComponents (275): Scanning file [D:\workspace\zy_yr\applet\chat-interface\target\classes\com\icloud\dao\mapper\comment\CommentRecordMapper.class]
[2017-04-24 13:58:001 ] [DEBUG] org.springframework.context.annotation.ClassPathScanningCandidateComponentProvider.findCandidateComponents (286): Identified candidate component class: file [D:\workspace\zy_yr\applet\chat-interface\target\classes\com\icloud\dao\mapper\comment\CommentRecordMapper.class]
[2017-04-24 13:58:001 ] [TRACE] org.springframework.context.annotation.ClassPathScanningCandidateComponentProvider.findCandidateComponents (275): Scanning file [D:\workspace\zy_yr\applet\chat-interface\target\classes\com\icloud\dao\mapper\event\EventDetailsConfigMapper.class]
[2017-04-24 13:58:001 ] [DEBUG] org.springframework.context.annotation.ClassPathScanningCandidateComponentProvider.findCandidateComponents (286): Identified candidate component class: file [D:\workspace\zy_yr\applet\chat-interface\target\classes\com\icloud\dao\mapper\event\EventDetailsConfigMapper.class]
[2017-04-24 13:58:001 ] [TRACE] org.springframework.context.annotation.ClassPathScanningCandidateComponentProvider.findCandidateComponents (275): Scanning file [D:\workspace\zy_yr\applet\chat-interface\target\classes\com\icloud\dao\mapper\event\EventDetailsMapper.class]
[2017-04-24 13:58:001 ] [DEBUG] org.springframework.context.annotation.ClassPathScanningCandidateComponentProvider.findCandidateComponents (286): Identified candidate component class: file [D:\workspace\zy_yr\applet\chat-interface\target\classes\com\icloud\dao\mapper\event\EventDetailsMapper.class]
[2017-04-24 13:58:001 ] [TRACE] org.springframework.context.annotation.ClassPathScanningCandidateComponentProvider.findCandidateComponents (275): Scanning file [D:\workspace\zy_yr\applet\chat-interface\target\classes\com\icloud\dao\mapper\event\EventFollowMapper.class]
[2017-04-24 13:58:001 ] [DEBUG] org.springframework.context.annotation.ClassPathScanningCandidateComponentProvider.findCandidateComponents (286): Identified candidate component class: file [D:\workspace\zy_yr\applet\chat-interface\target\classes\com\icloud\dao\mapper\event\EventFollowMapper.class]
[2017-04-24 13:58:001 ] [TRACE] org.springframework.context.annotation.ClassPathScanningCandidateComponentProvider.findCandidateComponents (275): Scanning file [D:\workspace\zy_yr\applet\chat-interface\target\classes\com\icloud\dao\mapper\event\EventInfoMapper.class]
[2017-04-24 13:58:001 ] [DEBUG] org.springframework.context.annotation.ClassPathScanningCandidateComponentProvider.findCandidateComponents (286): Identified candidate component class: file [D:\workspace\zy_yr\applet\chat-interface\target\classes\com\icloud\dao\mapper\event\EventInfoMapper.class]
[2017-04-24 13:58:001 ] [TRACE] org.springframework.context.annotation.ClassPathScanningCandidateComponentProvider.findCandidateComponents (275): Scanning file [D:\workspace\zy_yr\applet\chat-interface\target\classes\com\icloud\dao\mapper\event\EventModuleMapper.class]
[2017-04-24 13:58:001 ] [DEBUG] org.springframework.context.annotation.ClassPathScanningCandidateComponentProvider.findCandidateComponents (286): Identified candidate component class: file [D:\workspace\zy_yr\applet\chat-interface\target\classes\com\icloud\dao\mapper\event\EventModuleMapper.class]
[2017-04-24 13:58:001 ] [TRACE] org.springframework.context.annotation.ClassPathScanningCandidateComponentProvider.findCandidateComponents (275): Scanning file [D:\workspace\zy_yr\applet\chat-interface\target\classes\com\icloud\dao\mapper\event\EventStarRecordMapper.class]
[2017-04-24 13:58:001 ] [DEBUG] org.springframework.context.annotation.ClassPathScanningCandidateComponentProvider.findCandidateComponents (286): Identified candidate component class: file [D:\workspace\zy_yr\applet\chat-interface\target\classes\com\icloud\dao\mapper\event\EventStarRecordMapper.class]
[2017-04-24 13:58:001 ] [TRACE] org.springframework.context.annotation.ClassPathScanningCandidateComponentProvider.findCandidateComponents (275): Scanning file [D:\workspace\zy_yr\applet\chat-interface\target\classes\com\icloud\dao\mapper\event\EventTypeMapper.class]
[2017-04-24 13:58:001 ] [DEBUG] org.springframework.context.annotation.ClassPathScanningCandidateComponentProvider.findCandidateComponents (286): Identified candidate component class: file [D:\workspace\zy_yr\applet\chat-interface\target\classes\com\icloud\dao\mapper\event\EventTypeMapper.class]
[2017-04-24 13:58:001 ] [TRACE] org.springframework.context.annotation.ClassPathScanningCandidateComponentProvider.findCandidateComponents (275): Scanning file [D:\workspace\zy_yr\applet\chat-interface\target\classes\com\icloud\dao\mapper\signup\SignUpConfigMapper.class]
[2017-04-24 13:58:001 ] [DEBUG] org.springframework.context.annotation.ClassPathScanningCandidateComponentProvider.findCandidateComponents (286): Identified candidate component class: file [D:\workspace\zy_yr\applet\chat-interface\target\classes\com\icloud\dao\mapper\signup\SignUpConfigMapper.class]
[2017-04-24 13:58:001 ] [TRACE] org.springframework.context.annotation.ClassPathScanningCandidateComponentProvider.findCandidateComponents (275): Scanning file [D:\workspace\zy_yr\applet\chat-interface\target\classes\com\icloud\dao\mapper\signup\SignUpRecordMapper.class]
[2017-04-24 13:58:001 ] [DEBUG] org.springframework.context.annotation.ClassPathScanningCandidateComponentProvider.findCandidateComponents (286): Identified candidate component class: file [D:\workspace\zy_yr\applet\chat-interface\target\classes\com\icloud\dao\mapper\signup\SignUpRecordMapper.class]
[2017-04-24 13:58:001 ] [TRACE] org.springframework.context.annotation.ClassPathScanningCandidateComponentProvider.findCandidateComponents (275): Scanning file [D:\workspace\zy_yr\applet\chat-interface\target\classes\com\icloud\dao\mapper\user\UserMapper.class]
[2017-04-24 13:58:001 ] [DEBUG] org.springframework.context.annotation.ClassPathScanningCandidateComponentProvider.findCandidateComponents (286): Identified candidate component class: file [D:\workspace\zy_yr\applet\chat-interface\target\classes\com\icloud\dao\mapper\user\UserMapper.class]
[2017-04-24 13:58:001 ] [DEBUG] org.mybatis.spring.mapper.ClassPathMapperScanner.doScan (164): Creating MapperFactoryBean with name 'DAO' and 'com.icloud.dao.DAO' mapperInterface
[2017-04-24 13:58:001 ] [DEBUG] org.mybatis.spring.mapper.ClassPathMapperScanner.doScan (200): Enabling autowire by type for MapperFactoryBean with name 'DAO'.
[2017-04-24 13:58:001 ] [DEBUG] org.mybatis.spring.mapper.ClassPathMapperScanner.doScan (164): Creating MapperFactoryBean with name 'commentConfigMapper' and 'com.icloud.dao.mapper.comment.CommentConfigMapper' mapperInterface
[2017-04-24 13:58:001 ] [DEBUG] org.mybatis.spring.mapper.ClassPathMapperScanner.doScan (200): Enabling autowire by type for MapperFactoryBean with name 'commentConfigMapper'.
[2017-04-24 13:58:001 ] [DEBUG] org.mybatis.spring.mapper.ClassPathMapperScanner.doScan (164): Creating MapperFactoryBean with name 'commentRecordMapper' and 'com.icloud.dao.mapper.comment.CommentRecordMapper' mapperInterface
[2017-04-24 13:58:001 ] [DEBUG] org.mybatis.spring.mapper.ClassPathMapperScanner.doScan (200): Enabling autowire by type for MapperFactoryBean with name 'commentRecordMapper'.
[2017-04-24 13:58:001 ] [DEBUG] org.mybatis.spring.mapper.ClassPathMapperScanner.doScan (164): Creating MapperFactoryBean with name 'eventDetailsConfigMapper' and 'com.icloud.dao.mapper.event.EventDetailsConfigMapper' mapperInterface
[2017-04-24 13:58:001 ] [DEBUG] org.mybatis.spring.mapper.ClassPathMapperScanner.doScan (200): Enabling autowire by type for MapperFactoryBean with name 'eventDetailsConfigMapper'.
[2017-04-24 13:58:001 ] [DEBUG] org.mybatis.spring.mapper.ClassPathMapperScanner.doScan (164): Creating MapperFactoryBean with name 'eventDetailsMapper' and 'com.icloud.dao.mapper.event.EventDetailsMapper' mapperInterface
[2017-04-24 13:58:001 ] [DEBUG] org.mybatis.spring.mapper.ClassPathMapperScanner.doScan (200): Enabling autowire by type for MapperFactoryBean with name 'eventDetailsMapper'.
[2017-04-24 13:58:001 ] [DEBUG] org.mybatis.spring.mapper.ClassPathMapperScanner.doScan (164): Creating MapperFactoryBean with name 'eventFollowMapper' and 'com.icloud.dao.mapper.event.EventFollowMapper' mapperInterface
[2017-04-24 13:58:001 ] [DEBUG] org.mybatis.spring.mapper.ClassPathMapperScanner.doScan (200): Enabling autowire by type for MapperFactoryBean with name 'eventFollowMapper'.
[2017-04-24 13:58:001 ] [DEBUG] org.mybatis.spring.mapper.ClassPathMapperScanner.doScan (164): Creating MapperFactoryBean with name 'eventInfoMapper' and 'com.icloud.dao.mapper.event.EventInfoMapper' mapperInterface
[2017-04-24 13:58:001 ] [DEBUG] org.mybatis.spring.mapper.ClassPathMapperScanner.doScan (200): Enabling autowire by type for MapperFactoryBean with name 'eventInfoMapper'.
[2017-04-24 13:58:001 ] [DEBUG] org.mybatis.spring.mapper.ClassPathMapperScanner.doScan (164): Creating MapperFactoryBean with name 'eventModuleMapper' and 'com.icloud.dao.mapper.event.EventModuleMapper' mapperInterface
[2017-04-24 13:58:001 ] [DEBUG] org.mybatis.spring.mapper.ClassPathMapperScanner.doScan (200): Enabling autowire by type for MapperFactoryBean with name 'eventModuleMapper'.
[2017-04-24 13:58:001 ] [DEBUG] org.mybatis.spring.mapper.ClassPathMapperScanner.doScan (164): Creating MapperFactoryBean with name 'eventStarRecordMapper' and 'com.icloud.dao.mapper.event.EventStarRecordMapper' mapperInterface
[2017-04-24 13:58:001 ] [DEBUG] org.mybatis.spring.mapper.ClassPathMapperScanner.doScan (200): Enabling autowire by type for MapperFactoryBean with name 'eventStarRecordMapper'.
[2017-04-24 13:58:001 ] [DEBUG] org.mybatis.spring.mapper.ClassPathMapperScanner.doScan (164): Creating MapperFactoryBean with name 'eventTypeMapper' and 'com.icloud.dao.mapper.event.EventTypeMapper' mapperInterface
[2017-04-24 13:58:001 ] [DEBUG] org.mybatis.spring.mapper.ClassPathMapperScanner.doScan (200): Enabling autowire by type for MapperFactoryBean with name 'eventTypeMapper'.
[2017-04-24 13:58:001 ] [DEBUG] org.mybatis.spring.mapper.ClassPathMapperScanner.doScan (164): Creating MapperFactoryBean with name 'signUpConfigMapper' and 'com.icloud.dao.mapper.signup.SignUpConfigMapper' mapperInterface
[2017-04-24 13:58:001 ] [DEBUG] org.mybatis.spring.mapper.ClassPathMapperScanner.doScan (200): Enabling autowire by type for MapperFactoryBean with name 'signUpConfigMapper'.
[2017-04-24 13:58:001 ] [DEBUG] org.mybatis.spring.mapper.ClassPathMapperScanner.doScan (164): Creating MapperFactoryBean with name 'signUpRecordMapper' and 'com.icloud.dao.mapper.signup.SignUpRecordMapper' mapperInterface
[2017-04-24 13:58:001 ] [DEBUG] org.mybatis.spring.mapper.ClassPathMapperScanner.doScan (200): Enabling autowire by type for MapperFactoryBean with name 'signUpRecordMapper'.
[2017-04-24 13:58:001 ] [DEBUG] org.mybatis.spring.mapper.ClassPathMapperScanner.doScan (164): Creating MapperFactoryBean with name 'userMapper' and 'com.icloud.dao.mapper.user.UserMapper' mapperInterface
[2017-04-24 13:58:001 ] [DEBUG] org.mybatis.spring.mapper.ClassPathMapperScanner.doScan (200): Enabling autowire by type for MapperFactoryBean with name 'userMapper'.
[2017-04-24 13:58:001 ] [WARN ] org.springframework.context.annotation.ConfigurationClassPostProcessor.enhanceConfigurationClasses (389): Cannot enhance @Configuration bean definition 'refreshScope' since its singleton instance has been created too early. The typical cause is a non-static @Bean method with a BeanDefinitionRegistryPostProcessor return type: Consider declaring such methods as 'static'.
[2017-04-24 13:58:002 ] [DEBUG] org.apache.ibatis.logging.LogFactory.setImplementation (128): Logging initialized using 'class org.apache.ibatis.logging.slf4j.Slf4jImpl' adapter.
[2017-04-24 13:58:002 ] [DEBUG] org.mybatis.spring.SqlSessionFactoryBean.buildSqlSessionFactory (362): Property 'configLocation' not specified, using default MyBatis Configuration
[2017-04-24 13:58:002 ] [DEBUG] org.mybatis.spring.SqlSessionFactoryBean.buildSqlSessionFactory (401): Registered plugin: 'com.github.pagehelper.PageHelper@35d60381'
[2017-04-24 13:58:002 ] [DEBUG] org.mybatis.spring.SqlSessionFactoryBean.buildSqlSessionFactory (472): Parsed mapper file: 'file [D:\workspace\zy_yr\applet\chat-interface\target\classes\com\icloud\dao\mapping\comment\CommentConfigMapper.xml]'
[2017-04-24 13:58:002 ] [DEBUG] org.mybatis.spring.SqlSessionFactoryBean.buildSqlSessionFactory (472): Parsed mapper file: 'file [D:\workspace\zy_yr\applet\chat-interface\target\classes\com\icloud\dao\mapping\comment\CommentRecordMapper.xml]'
[2017-04-24 13:58:002 ] [DEBUG] org.mybatis.spring.SqlSessionFactoryBean.buildSqlSessionFactory (472): Parsed mapper file: 'file [D:\workspace\zy_yr\applet\chat-interface\target\classes\com\icloud\dao\mapping\event\EventDetailsConfigMapper.xml]'
[2017-04-24 13:58:002 ] [DEBUG] org.mybatis.spring.SqlSessionFactoryBean.buildSqlSessionFactory (472): Parsed mapper file: 'file [D:\workspace\zy_yr\applet\chat-interface\target\classes\com\icloud\dao\mapping\event\EventDetailsMapper.xml]'
[2017-04-24 13:58:002 ] [DEBUG] org.mybatis.spring.SqlSessionFactoryBean.buildSqlSessionFactory (472): Parsed mapper file: 'file [D:\workspace\zy_yr\applet\chat-interface\target\classes\com\icloud\dao\mapping\event\EventFollowMapper.xml]'
[2017-04-24 13:58:002 ] [DEBUG] org.mybatis.spring.SqlSessionFactoryBean.buildSqlSessionFactory (472): Parsed mapper file: 'file [D:\workspace\zy_yr\applet\chat-interface\target\classes\com\icloud\dao\mapping\event\EventInfoMapper.xml]'
[2017-04-24 13:58:002 ] [DEBUG] org.mybatis.spring.SqlSessionFactoryBean.buildSqlSessionFactory (472): Parsed mapper file: 'file [D:\workspace\zy_yr\applet\chat-interface\target\classes\com\icloud\dao\mapping\event\EventModuleMapper.xml]'
[2017-04-24 13:58:003 ] [DEBUG] org.mybatis.spring.SqlSessionFactoryBean.buildSqlSessionFactory (472): Parsed mapper file: 'file [D:\workspace\zy_yr\applet\chat-interface\target\classes\com\icloud\dao\mapping\event\EventStarRecordMapper.xml]'
[2017-04-24 13:58:003 ] [DEBUG] org.mybatis.spring.SqlSessionFactoryBean.buildSqlSessionFactory (472): Parsed mapper file: 'file [D:\workspace\zy_yr\applet\chat-interface\target\classes\com\icloud\dao\mapping\event\EventTypeMapper.xml]'
[2017-04-24 13:58:003 ] [DEBUG] org.mybatis.spring.SqlSessionFactoryBean.buildSqlSessionFactory (472): Parsed mapper file: 'file [D:\workspace\zy_yr\applet\chat-interface\target\classes\com\icloud\dao\mapping\signup\SignUpConfigMapper.xml]'
[2017-04-24 13:58:003 ] [DEBUG] org.mybatis.spring.SqlSessionFactoryBean.buildSqlSessionFactory (472): Parsed mapper file: 'file [D:\workspace\zy_yr\applet\chat-interface\target\classes\com\icloud\dao\mapping\signup\SignUpRecordMapper.xml]'
[2017-04-24 13:58:003 ] [DEBUG] org.mybatis.spring.SqlSessionFactoryBean.buildSqlSessionFactory (472): Parsed mapper file: 'file [D:\workspace\zy_yr\applet\chat-interface\target\classes\com\icloud\dao\mapping\user\UserMapper.xml]'
[2017-04-24 13:58:003 ] [DEBUG] org.hibernate.validator.internal.engine.resolver.DefaultTraversableResolver.detectJPA (70): Cannot find javax.persistence.Persistence on classpath. Assuming non JPA 2 environment. All properties will per default be traversable.
[2017-04-24 13:58:003 ] [DEBUG] org.hibernate.validator.internal.engine.ConfigurationImpl.messageInterpolator (156): Setting custom MessageInterpolator of type org.springframework.validation.beanvalidation.LocaleContextMessageInterpolator
[2017-04-24 13:58:003 ] [DEBUG] org.hibernate.validator.internal.engine.ConfigurationImpl.constraintValidatorFactory (178): Setting custom ConstraintValidatorFactory of type org.springframework.validation.beanvalidation.SpringConstraintValidatorFactory
[2017-04-24 13:58:003 ] [DEBUG] org.hibernate.validator.internal.engine.ConfigurationImpl.parameterNameProvider (192): Setting custom ParameterNameProvider of type com.sun.proxy.$Proxy43
[2017-04-24 13:58:003 ] [DEBUG] org.hibernate.validator.internal.xml.ValidationXmlParser.getValidationXmlInputStream (91): Trying to load META-INF/validation.xml for XML based Validator configuration.
[2017-04-24 13:58:003 ] [DEBUG] org.hibernate.validator.internal.xml.ResourceLoaderHelper.getResettableInputStreamForPath (47): Trying to load META-INF/validation.xml via user class loader
[2017-04-24 13:58:003 ] [DEBUG] org.hibernate.validator.internal.xml.ResourceLoaderHelper.getResettableInputStreamForPath (54): Trying to load META-INF/validation.xml via TCCL
[2017-04-24 13:58:003 ] [DEBUG] org.hibernate.validator.internal.xml.ResourceLoaderHelper.getResettableInputStreamForPath (60): Trying to load META-INF/validation.xml via Hibernate Validator's class loader
[2017-04-24 13:58:003 ] [DEBUG] org.hibernate.validator.internal.xml.ValidationXmlParser.getValidationXmlInputStream (98): No META-INF/validation.xml found. Using annotation based configuration only.
[2017-04-24 13:58:003 ] [TRACE] org.hibernate.validator.internal.engine.constraintvalidation.ConstraintTree.validateConstraints (108): Validating value / against constraint defined by ConstraintDescriptorImpl{annotation=javax.validation.constraints.NotNull, payloads=[], hasComposingConstraints=true, isReportAsSingleInvalidConstraint=false, elementType=FIELD, definedOn=DEFINED_LOCALLY, groups=[interface javax.validation.groups.Default], attributes={message={javax.validation.constraints.NotNull.message}, groups=[Ljava.lang.Class;@59096b66, payload=[Ljava.lang.Class;@631c6d11}, constraintType=GENERIC}.
[2017-04-24 13:58:004 ] [INFO ] org.apache.juli.logging.DirectJDKLog.log (179): Starting service Tomcat
[2017-04-24 13:58:004 ] [INFO ] org.apache.juli.logging.DirectJDKLog.log (179): Starting Servlet Engine: Apache Tomcat/8.5.5
[2017-04-24 13:58:004 ] [INFO ] org.apache.juli.logging.DirectJDKLog.log (179): Initializing Spring embedded WebApplicationContext
[2017-04-24 13:58:005 ] [INFO ] org.quartz.impl.StdSchedulerFactory.instantiate (1172): Using default implementation for ThreadExecutor
[2017-04-24 13:58:005 ] [INFO ] org.quartz.core.SchedulerSignalerImpl.<init> (61): Initialized Scheduler Signaller of type: class org.quartz.core.SchedulerSignalerImpl
[2017-04-24 13:58:005 ] [INFO ] org.quartz.core.QuartzScheduler.<init> (240): Quartz Scheduler v.2.2.2 created.
[2017-04-24 13:58:005 ] [INFO ] org.quartz.simpl.RAMJobStore.initialize (155): RAMJobStore initialized.
[2017-04-24 13:58:005 ] [INFO ] org.quartz.core.QuartzScheduler.initialize (305): Scheduler meta-data: Quartz Scheduler (v2.2.2) 'getSchedulerFactoryBean' with instanceId 'NON_CLUSTERED'
  Scheduler class: 'org.quartz.core.QuartzScheduler' - running locally.
  NOT STARTED.
  Currently in standby mode.
  Number of jobs executed: 0
  Using thread pool 'org.quartz.simpl.SimpleThreadPool' - with 10 threads.
  Using job-store 'org.quartz.simpl.RAMJobStore' - which does not support persistence. and is not clustered.

[2017-04-24 13:58:005 ] [INFO ] org.quartz.impl.StdSchedulerFactory.instantiate (1327): Quartz scheduler 'getSchedulerFactoryBean' initialized from an externally provided properties instance.
[2017-04-24 13:58:005 ] [INFO ] org.quartz.impl.StdSchedulerFactory.instantiate (1331): Quartz scheduler version: 2.2.2
[2017-04-24 13:58:005 ] [INFO ] org.quartz.core.QuartzScheduler.setJobFactory (2311): JobFactory set to: com.icloud.config.quartz.AutowiringSpringBeanJobFactory@4652c74d
[2017-04-24 13:58:006 ] [DEBUG] org.hibernate.validator.internal.engine.resolver.DefaultTraversableResolver.detectJPA (70): Cannot find javax.persistence.Persistence on classpath. Assuming non JPA 2 environment. All properties will per default be traversable.
[2017-04-24 13:58:006 ] [DEBUG] org.hibernate.validator.internal.engine.ConfigurationImpl.messageInterpolator (156): Setting custom MessageInterpolator of type org.springframework.validation.beanvalidation.LocaleContextMessageInterpolator
[2017-04-24 13:58:006 ] [DEBUG] org.hibernate.validator.internal.engine.ConfigurationImpl.constraintValidatorFactory (178): Setting custom ConstraintValidatorFactory of type org.springframework.validation.beanvalidation.SpringConstraintValidatorFactory
[2017-04-24 13:58:006 ] [DEBUG] org.hibernate.validator.internal.engine.ConfigurationImpl.parameterNameProvider (192): Setting custom ParameterNameProvider of type com.sun.proxy.$Proxy43
[2017-04-24 13:58:006 ] [DEBUG] org.hibernate.validator.internal.xml.ValidationXmlParser.getValidationXmlInputStream (91): Trying to load META-INF/validation.xml for XML based Validator configuration.
[2017-04-24 13:58:006 ] [DEBUG] org.hibernate.validator.internal.xml.ResourceLoaderHelper.getResettableInputStreamForPath (47): Trying to load META-INF/validation.xml via user class loader
[2017-04-24 13:58:006 ] [DEBUG] org.hibernate.validator.internal.xml.ResourceLoaderHelper.getResettableInputStreamForPath (54): Trying to load META-INF/validation.xml via TCCL
[2017-04-24 13:58:006 ] [DEBUG] org.hibernate.validator.internal.xml.ResourceLoaderHelper.getResettableInputStreamForPath (60): Trying to load META-INF/validation.xml via Hibernate Validator's class loader
[2017-04-24 13:58:006 ] [DEBUG] org.hibernate.validator.internal.xml.ValidationXmlParser.getValidationXmlInputStream (98): No META-INF/validation.xml found. Using annotation based configuration only.
[2017-04-24 13:58:008 ] [WARN ] org.springframework.boot.starter.redis.RedisStarterDeprecationWarningAutoConfiguration.logWarning (43): spring-boot-starter-redis is deprecated as of Spring Boot 1.4, please migrate to spring-boot-starter-data-redis
[2017-04-24 13:58:008 ] [INFO ] com.netflix.config.sources.URLConfigurationSource.<init> (126): URLs to be used as dynamic configuration source: [file:/D:/workspace/zy_yr/applet/chat-interface/target/classes/config.properties]
[2017-04-24 13:58:008 ] [DEBUG] com.netflix.config.DynamicPropertyUpdater.addOrChangeProperty (122): adding property key [service_domain], value [http://MERCHANT-SERVICE]
[2017-04-24 13:58:008 ] [INFO ] com.netflix.config.sources.URLConfigurationSource.<init> (126): URLs to be used as dynamic configuration source: [file:/D:/workspace/zy_yr/applet/chat-interface/target/classes/config.properties]
[2017-04-24 13:58:008 ] [DEBUG] com.netflix.config.DynamicPropertyUpdater.addOrChangeProperty (122): adding property key [service_domain], value [http://MERCHANT-SERVICE]
[2017-04-24 13:58:009 ] [TRACE] org.hibernate.validator.internal.engine.constraintvalidation.ConstraintTree.validateConstraints (108): Validating value / against constraint defined by ConstraintDescriptorImpl{annotation=javax.validation.constraints.NotNull, payloads=[], hasComposingConstraints=true, isReportAsSingleInvalidConstraint=false, elementType=FIELD, definedOn=DEFINED_LOCALLY, groups=[interface javax.validation.groups.Default], attributes={message={javax.validation.constraints.NotNull.message}, groups=[Ljava.lang.Class;@59096b66, payload=[Ljava.lang.Class;@631c6d11}, constraintType=GENERIC}.
[2017-04-24 13:58:009 ] [TRACE] org.hibernate.validator.internal.engine.constraintvalidation.ConstraintValidatorManager.getInitializedValidator (113): Constraint validator org.hibernate.validator.internal.constraintvalidators.bv.NotNullValidator@7ea3839e found in cache.
[2017-04-24 13:58:009 ] [TRACE] org.hibernate.validator.internal.engine.constraintvalidation.ConstraintTree.validateConstraints (108): Validating value / against constraint defined by ConstraintDescriptorImpl{annotation=javax.validation.constraints.NotNull, payloads=[], hasComposingConstraints=true, isReportAsSingleInvalidConstraint=false, elementType=FIELD, definedOn=DEFINED_LOCALLY, groups=[interface javax.validation.groups.Default], attributes={message={javax.validation.constraints.NotNull.message}, groups=[Ljava.lang.Class;@59096b66, payload=[Ljava.lang.Class;@631c6d11}, constraintType=GENERIC}.
[2017-04-24 13:58:009 ] [TRACE] org.hibernate.validator.internal.engine.constraintvalidation.ConstraintValidatorManager.getInitializedValidator (113): Constraint validator org.hibernate.validator.internal.constraintvalidators.bv.NotNullValidator@7ea3839e found in cache.
[2017-04-24 13:58:009 ] [DEBUG] org.hibernate.validator.internal.engine.resolver.DefaultTraversableResolver.detectJPA (70): Cannot find javax.persistence.Persistence on classpath. Assuming non JPA 2 environment. All properties will per default be traversable.
[2017-04-24 13:58:009 ] [DEBUG] org.hibernate.validator.internal.engine.ConfigurationImpl.messageInterpolator (156): Setting custom MessageInterpolator of type org.springframework.validation.beanvalidation.LocaleContextMessageInterpolator
[2017-04-24 13:58:009 ] [DEBUG] org.hibernate.validator.internal.engine.ConfigurationImpl.constraintValidatorFactory (178): Setting custom ConstraintValidatorFactory of type org.springframework.validation.beanvalidation.SpringConstraintValidatorFactory
[2017-04-24 13:58:009 ] [DEBUG] org.hibernate.validator.internal.engine.ConfigurationImpl.parameterNameProvider (192): Setting custom ParameterNameProvider of type com.sun.proxy.$Proxy43
[2017-04-24 13:58:009 ] [DEBUG] org.hibernate.validator.internal.xml.ValidationXmlParser.getValidationXmlInputStream (91): Trying to load META-INF/validation.xml for XML based Validator configuration.
[2017-04-24 13:58:009 ] [DEBUG] org.hibernate.validator.internal.xml.ResourceLoaderHelper.getResettableInputStreamForPath (47): Trying to load META-INF/validation.xml via user class loader
[2017-04-24 13:58:009 ] [DEBUG] org.hibernate.validator.internal.xml.ResourceLoaderHelper.getResettableInputStreamForPath (54): Trying to load META-INF/validation.xml via TCCL
[2017-04-24 13:58:009 ] [DEBUG] org.hibernate.validator.internal.xml.ResourceLoaderHelper.getResettableInputStreamForPath (60): Trying to load META-INF/validation.xml via Hibernate Validator's class loader
[2017-04-24 13:58:009 ] [DEBUG] org.hibernate.validator.internal.xml.ValidationXmlParser.getValidationXmlInputStream (98): No META-INF/validation.xml found. Using annotation based configuration only.
[2017-04-24 13:58:009 ] [DEBUG] org.quartz.core.QuartzSchedulerThread.run (276): batch acquisition of 0 triggers
[2017-04-24 13:58:009 ] [INFO ] org.quartz.core.QuartzScheduler.start (575): Scheduler getSchedulerFactoryBean_$_NON_CLUSTERED started.
[2017-04-24 13:58:009 ] [INFO ] org.apache.juli.logging.DirectJDKLog.log (179): Initializing ProtocolHandler ["http-nio-8080"]
[2017-04-24 13:58:009 ] [INFO ] org.apache.juli.logging.DirectJDKLog.log (179): Starting ProtocolHandler [http-nio-8080]
[2017-04-24 13:58:009 ] [INFO ] org.apache.juli.logging.DirectJDKLog.log (179): Using a shared selector for servlet write/read
[2017-04-24 13:58:009 ] [INFO ] org.springframework.boot.StartupInfoLogger.logStarted (57): Started ChatInterfaceApplication in 13.459 seconds (JVM running for 15.095)
[2017-04-24 13:58:026 ] [INFO ] org.apache.juli.logging.DirectJDKLog.log (179): Initializing Spring FrameworkServlet 'dispatcherServlet'
[2017-04-24 13:58:026 ] [INFO ] com.icloud.common.util.RequestUtil.readPostContent (44): /getEventsListByMonth {"sid":"111111111","year":"2017","month":"4"}
[2017-04-24 13:58:026 ] [DEBUG] org.mybatis.spring.SqlSessionUtils.getSqlSession (104): Creating a new SqlSession
[2017-04-24 13:58:026 ] [DEBUG] org.mybatis.spring.SqlSessionUtils.getSqlSession (140): SqlSession [org.apache.ibatis.session.defaults.DefaultSqlSession@167fbfb2] was not registered for synchronization because synchronization is not active
[2017-04-24 13:58:026 ] [INFO ] com.alibaba.druid.support.logging.Log4j2Impl.info (106): {dataSource-1} inited
[2017-04-24 13:58:027 ] [DEBUG] org.mybatis.spring.transaction.SpringManagedTransaction.openConnection (86): JDBC Connection [com.alibaba.druid.proxy.jdbc.ConnectionProxyImpl@5358412c] will not be managed by Spring
[2017-04-24 13:58:027 ] [DEBUG] org.apache.ibatis.logging.jdbc.BaseJdbcLogger.debug (139): ==>  Preparing: select t.id, t.open_id, t.nick, t.wx_head_img from t_user t where t.open_id=? 
[2017-04-24 13:58:027 ] [DEBUG] org.apache.ibatis.logging.jdbc.BaseJdbcLogger.debug (139): ==> Parameters: 753d24cd23d411e7b9ba68f7288838a8(String)
[2017-04-24 13:58:027 ] [TRACE] org.apache.ibatis.logging.jdbc.BaseJdbcLogger.trace (145): <==    Columns: id, open_id, nick, wx_head_img
[2017-04-24 13:58:027 ] [TRACE] org.apache.ibatis.logging.jdbc.BaseJdbcLogger.trace (145): <==        Row: 753d24cd23d411e7b9ba68f7288838a8, 753d24cd23d411e7b9ba68f7288838a8, nick0, ---0
[2017-04-24 13:58:027 ] [DEBUG] org.apache.ibatis.logging.jdbc.BaseJdbcLogger.debug (139): <==      Total: 1
[2017-04-24 13:58:027 ] [DEBUG] org.mybatis.spring.SqlSessionUtils.closeSqlSession (168): Closing non transactional SqlSession [org.apache.ibatis.session.defaults.DefaultSqlSession@167fbfb2]
[2017-04-24 13:58:027 ] [DEBUG] org.mybatis.spring.SqlSessionUtils.getSqlSession (104): Creating a new SqlSession
[2017-04-24 13:58:027 ] [DEBUG] org.mybatis.spring.SqlSessionUtils.getSqlSession (140): SqlSession [org.apache.ibatis.session.defaults.DefaultSqlSession@52a2880] was not registered for synchronization because synchronization is not active
[2017-04-24 13:58:027 ] [DEBUG] org.mybatis.spring.transaction.SpringManagedTransaction.openConnection (86): JDBC Connection [com.alibaba.druid.proxy.jdbc.ConnectionProxyImpl@5358412c] will not be managed by Spring
[2017-04-24 13:58:027 ] [DEBUG] org.apache.ibatis.logging.jdbc.BaseJdbcLogger.debug (139): ==>  Preparing: SELECT count(0) FROM t_event_info WHERE is_public = ? AND start_date BETWEEN DATE_FORMAT(?, '%Y-%m-%d %H:%i:%s') AND DATE_FORMAT(?, '%Y-%m-%d %H:%i:%s') 
[2017-04-24 13:58:027 ] [DEBUG] org.apache.ibatis.logging.jdbc.BaseJdbcLogger.debug (139): ==> Parameters: 0(String), 2017-04-01 12:00:00.651(Timestamp), 2017-05-01 11:59:59.651(Timestamp)
[2017-04-24 13:58:027 ] [TRACE] org.apache.ibatis.logging.jdbc.BaseJdbcLogger.trace (145): <==    Columns: count(0)
[2017-04-24 13:58:027 ] [TRACE] org.apache.ibatis.logging.jdbc.BaseJdbcLogger.trace (145): <==        Row: 0
[2017-04-24 13:58:027 ] [DEBUG] org.apache.ibatis.logging.jdbc.BaseJdbcLogger.debug (139): <==      Total: 1
[2017-04-24 13:58:027 ] [DEBUG] org.mybatis.spring.SqlSessionUtils.closeSqlSession (168): Closing non transactional SqlSession [org.apache.ibatis.session.defaults.DefaultSqlSession@52a2880]
[2017-04-24 13:58:027 ] [INFO ] com.icloud.web.BaseController.pakageJsonp (39): :{"resultData":{"list":[]},"errCode":"0000","resultMsg":""}
[2017-04-24 13:58:033 ] [DEBUG] org.quartz.core.QuartzSchedulerThread.run (276): batch acquisition of 0 triggers
[2017-04-24 13:58:038 ] [DEBUG] com.netflix.config.AbstractPollingScheduler$1.run (160): Polling started
[2017-04-24 13:58:059 ] [DEBUG] org.quartz.core.QuartzSchedulerThread.run (276): batch acquisition of 0 triggers
[2017-04-24 13:59:028 ] [DEBUG] org.quartz.core.QuartzSchedulerThread.run (276): batch acquisition of 0 triggers
[2017-04-24 13:59:038 ] [DEBUG] com.netflix.config.AbstractPollingScheduler$1.run (160): Polling started
[2017-04-24 13:59:058 ] [DEBUG] org.quartz.core.QuartzSchedulerThread.run (276): batch acquisition of 0 triggers
[2017-04-24 14:00:028 ] [DEBUG] org.quartz.core.QuartzSchedulerThread.run (276): batch acquisition of 0 triggers
[2017-04-24 14:00:038 ] [DEBUG] com.netflix.config.AbstractPollingScheduler$1.run (160): Polling started
[2017-04-24 14:00:053 ] [DEBUG] org.quartz.core.QuartzSchedulerThread.run (276): batch acquisition of 0 triggers
[2017-04-24 14:01:023 ] [DEBUG] org.quartz.core.QuartzSchedulerThread.run (276): batch acquisition of 0 triggers
[2017-04-24 14:01:038 ] [DEBUG] com.netflix.config.AbstractPollingScheduler$1.run (160): Polling started
[2017-04-24 14:01:050 ] [DEBUG] org.quartz.core.QuartzSchedulerThread.run (276): batch acquisition of 0 triggers
[2017-04-24 14:02:017 ] [DEBUG] org.quartz.core.QuartzSchedulerThread.run (276): batch acquisition of 0 triggers
[2017-04-24 14:02:038 ] [DEBUG] com.netflix.config.AbstractPollingScheduler$1.run (160): Polling started
[2017-04-24 14:02:041 ] [DEBUG] org.quartz.core.QuartzSchedulerThread.run (276): batch acquisition of 0 triggers
